# JRE version: Java(TM) SE Runtime Environment (21.0.4+8) (build 21.0.4+8-LTS-274)
# Java VM: Java HotSpot(TM) 64-Bit Server VM (21.0.4+8-LTS-274, mixed mode, sharing, tiered, compressed oops, compressed class ptrs, g1 gc, windows-amd64)
GC Precious Log:
 CardTable entry size: 512
 Card Set container configuration: InlinePtr #cards 4 size 8 Array Of Cards #cards 32 size 80 Howl #buckets 8 coarsen threshold 7372 Howl Bitmap #cards 1024 size 144 coarsen threshold 921 Card regions per heap region 1 cards per card region 8192
 CPUs: 8 total, 8 available
 Memory: 24321M
 Large Page Support: Disabled
 NUMA Support: Disabled
 Compressed Oops: Enabled (Zero based)
 Heap Region Size: 4M
 Heap Min Capacity: 8M
 Heap Initial Capacity: 384M
 Heap Max Capacity: 6084M
 Pre-touch: Disabled
 Parallel Workers: 8
 Concurrent Workers: 2
 Concurrent Refinement Workers: 8
 Periodic GC: Disabled
Heap:
 garbage-first heap   total 724992K, used 537990K [0x0000000683c00000, 0x0000000800000000)
  region size 4096K, 26 young (106496K), 8 survivors (32768K)
 Metaspace       used 80319K, committed 81344K, reserved 1179648K
  class space    used 8903K, committed 9408K, reserved 1048576K
GC Heap History (20 events):
Event: 67.155 GC heap before
{Heap before GC invocations=44 (full 0):
 garbage-first heap   total 491520K, used 413659K [0x0000000683c00000, 0x0000000800000000)
  region size 4096K, 38 young (155648K), 5 survivors (20480K)
 Metaspace       used 78711K, committed 79744K, reserved 1179648K
  class space    used 8833K, committed 9344K, reserved 1048576K
}
Event: 67.175 GC heap after
{Heap after GC invocations=45 (full 0):
 garbage-first heap   total 491520K, used 293028K [0x0000000683c00000, 0x0000000800000000)
  region size 4096K, 5 young (20480K), 5 survivors (20480K)
 Metaspace       used 78711K, committed 79744K, reserved 1179648K
  class space    used 8833K, committed 9344K, reserved 1048576K
}
Event: 69.705 GC heap before
{Heap before GC invocations=46 (full 0):
 garbage-first heap   total 548864K, used 440484K [0x0000000683c00000, 0x0000000800000000)
  region size 4096K, 39 young (159744K), 5 survivors (20480K)
 Metaspace       used 78811K, committed 79872K, reserved 1179648K
  class space    used 8842K, committed 9344K, reserved 1048576K
}
Event: 69.725 GC heap after
{Heap after GC invocations=47 (full 0):
 garbage-first heap   total 548864K, used 321319K [0x0000000683c00000, 0x0000000800000000)
  region size 4096K, 5 young (20480K), 5 survivors (20480K)
 Metaspace       used 78811K, committed 79872K, reserved 1179648K
  class space    used 8842K, committed 9344K, reserved 1048576K
}
Event: 71.200 GC heap before
{Heap before GC invocations=47 (full 0):
 garbage-first heap   total 548864K, used 481063K [0x0000000683c00000, 0x0000000800000000)
  region size 4096K, 44 young (180224K), 5 survivors (20480K)
 Metaspace       used 78860K, committed 79872K, reserved 1179648K
  class space    used 8843K, committed 9344K, reserved 1048576K
}
Event: 71.216 GC heap after
{Heap after GC invocations=48 (full 0):
 garbage-first heap   total 548864K, used 333763K [0x0000000683c00000, 0x0000000800000000)
  region size 4096K, 5 young (20480K), 5 survivors (20480K)
 Metaspace       used 78860K, committed 79872K, reserved 1179648K
  class space    used 8843K, committed 9344K, reserved 1048576K
}
Event: 71.488 GC heap before
{Heap before GC invocations=48 (full 0):
 garbage-first heap   total 548864K, used 354243K [0x0000000683c00000, 0x0000000800000000)
  region size 4096K, 11 young (45056K), 5 survivors (20480K)
 Metaspace       used 78905K, committed 79936K, reserved 1179648K
  class space    used 8843K, committed 9344K, reserved 1048576K
}
Event: 71.496 GC heap after
{Heap after GC invocations=49 (full 0):
 garbage-first heap   total 548864K, used 332660K [0x0000000683c00000, 0x0000000800000000)
  region size 4096K, 2 young (8192K), 2 survivors (8192K)
 Metaspace       used 78905K, committed 79936K, reserved 1179648K
  class space    used 8843K, committed 9344K, reserved 1048576K
}
Event: 73.330 GC heap before
{Heap before GC invocations=50 (full 0):
 garbage-first heap   total 651264K, used 488308K [0x0000000683c00000, 0x0000000800000000)
  region size 4096K, 38 young (155648K), 2 survivors (8192K)
 Metaspace       used 79005K, committed 80000K, reserved 1179648K
  class space    used 8843K, committed 9344K, reserved 1048576K
}
Event: 73.340 GC heap after
{Heap after GC invocations=51 (full 0):
 garbage-first heap   total 651264K, used 356779K [0x0000000683c00000, 0x0000000800000000)
  region size 4096K, 5 young (20480K), 5 survivors (20480K)
 Metaspace       used 79005K, committed 80000K, reserved 1179648K
  class space    used 8843K, committed 9344K, reserved 1048576K
}
Event: 75.953 GC heap before
{Heap before GC invocations=51 (full 0):
 garbage-first heap   total 651264K, used 565675K [0x0000000683c00000, 0x0000000800000000)
  region size 4096K, 54 young (221184K), 5 survivors (20480K)
 Metaspace       used 79094K, committed 80128K, reserved 1179648K
  class space    used 8843K, committed 9344K, reserved 1048576K
}
Event: 75.974 GC heap after
{Heap after GC invocations=52 (full 0):
 garbage-first heap   total 651264K, used 376628K [0x0000000683c00000, 0x0000000800000000)
  region size 4096K, 6 young (24576K), 6 survivors (24576K)
 Metaspace       used 79094K, committed 80128K, reserved 1179648K
  class space    used 8843K, committed 9344K, reserved 1048576K
}
Event: 76.446 GC heap before
{Heap before GC invocations=52 (full 0):
 garbage-first heap   total 651264K, used 454452K [0x0000000683c00000, 0x0000000800000000)
  region size 4096K, 26 young (106496K), 6 survivors (24576K)
 Metaspace       used 79115K, committed 80128K, reserved 1179648K
  class space    used 8843K, committed 9344K, reserved 1048576K
}
Event: 76.459 GC heap after
{Heap after GC invocations=53 (full 0):
 garbage-first heap   total 651264K, used 379882K [0x0000000683c00000, 0x0000000800000000)
  region size 4096K, 3 young (12288K), 3 survivors (12288K)
 Metaspace       used 79115K, committed 80128K, reserved 1179648K
  class space    used 8843K, committed 9344K, reserved 1048576K
}
Event: 79.006 GC heap before
{Heap before GC invocations=54 (full 0):
 garbage-first heap   total 724992K, used 588778K [0x0000000683c00000, 0x0000000800000000)
  region size 4096K, 52 young (212992K), 3 survivors (12288K)
 Metaspace       used 79472K, committed 80448K, reserved 1179648K
  class space    used 8852K, committed 9344K, reserved 1048576K
}
Event: 79.022 GC heap after
{Heap after GC invocations=55 (full 0):
 garbage-first heap   total 724992K, used 413276K [0x0000000683c00000, 0x0000000800000000)
  region size 4096K, 7 young (28672K), 7 survivors (28672K)
 Metaspace       used 79472K, committed 80448K, reserved 1179648K
  class space    used 8852K, committed 9344K, reserved 1048576K
}
Event: 80.995 GC heap before
{Heap before GC invocations=55 (full 0):
 garbage-first heap   total 724992K, used 646748K [0x0000000683c00000, 0x0000000800000000)
  region size 4096K, 62 young (253952K), 7 survivors (28672K)
 Metaspace       used 79895K, committed 80896K, reserved 1179648K
  class space    used 8874K, committed 9344K, reserved 1048576K
}
Event: 81.021 GC heap after
{Heap after GC invocations=56 (full 0):
 garbage-first heap   total 724992K, used 441169K [0x0000000683c00000, 0x0000000800000000)
  region size 4096K, 8 young (32768K), 8 survivors (32768K)
 Metaspace       used 79895K, committed 80896K, reserved 1179648K
  class space    used 8874K, committed 9344K, reserved 1048576K
}
Event: 82.788 GC heap before
{Heap before GC invocations=56 (full 0):
 garbage-first heap   total 724992K, used 645969K [0x0000000683c00000, 0x0000000800000000)
  region size 4096K, 58 young (237568K), 8 survivors (32768K)
 Metaspace       used 80175K, committed 81216K, reserved 1179648K
  class space    used 8889K, committed 9408K, reserved 1048576K
}
Event: 82.815 GC heap after
{Heap after GC invocations=57 (full 0):
 garbage-first heap   total 724992K, used 472454K [0x0000000683c00000, 0x0000000800000000)
  region size 4096K, 8 young (32768K), 8 survivors (32768K)
 Metaspace       used 80175K, committed 81216K, reserved 1179648K
  class space    used 8889K, committed 9408K, reserved 1048576K
}

